<?xml version="1.0" encoding="UTF-8"?>
<!-- Generated by org.testng.reporters.JUnitReportReporter -->
<testsuite hostname="TestingWorld-PC" name="listeners.TC_001" tests="1" failures="0" timestamp="9 Sep 2018 04:26:16 GMT" time="24.004" errors="0">
  <testcase name="tc_001" time="24.004" classname="listeners.TC_001"/>
</testsuite> <!-- listeners.TC_001 -->
